[INFO] (20:13:18): The Check-Schedule has been started
[INFO] (20:13:18): Server with id 750370700862161028 was initialized
[INFO] (20:13:18): The Bot is now online!
[INFO] (20:14:36): The Check-Schedule has been started
[INFO] (20:14:36): Server with id 750370700862161028 was initialized
[INFO] (20:14:36): The Bot is now online!
[INFO] (20:15:07): The Check-Schedule has been started
[INFO] (20:15:07): Server with id 750370700862161028 was initialized
[INFO] (20:15:07): The Bot is now online!
[INFO] (20:26:58): The Check-Schedule has been started
[INFO] (20:26:58): Server with id 750370700862161028 was initialized
[INFO] (20:26:58): The Bot is now online!
[INFO] (20:31:12): The Check-Schedule has been started
[INFO] (20:31:12): Server with id 750370700862161028 was initialized
[INFO] (20:31:12): The Bot is now online!
[INFO] (20:33:19): The Check-Schedule has been started
[INFO] (20:33:19): Server with id 750370700862161028 was initialized
[INFO] (20:33:19): The Bot is now online!
[INFO] (20:35:01): The Check-Schedule has been started
[INFO] (20:35:01): Server with id 750370700862161028 was initialized
[INFO] (20:35:01): The Bot is now online!
[INFO] (20:35:33): The Check-Schedule has been started
[INFO] (20:35:33): Server with id 750370700862161028 was initialized
[INFO] (20:35:33): The Bot is now online!
[INFO] (20:35:53): The Check-Schedule has been started
[INFO] (20:35:53): Server with id 750370700862161028 was initialized
[INFO] (20:35:53): The Bot is now online!
[INFO] (20:43:27): The Check-Schedule has been started
[INFO] (20:43:27): Server with id 750370700862161028 was initialized
[INFO] (20:43:27): The Bot is now online!
[INFO] (20:50:38): The Check-Schedule has been started
[INFO] (20:50:38): Server with id 750370700862161028 was initialized
[INFO] (20:50:38): The Bot is now online!
[INFO] (20:50:55): Leontheking24 used command help
[INFO] (20:51:00): Murasaki kitsune紫狐 used command tetris
[INFO] (20:52:37): Murasaki kitsune紫狐 used command spiel
[WARNING] (22:25:15): Communications link failure

The last packet successfully received from the server was 5.676.710 milliseconds ago.  The last packet sent successfully to the server was 21.621 milliseconds ago.
[WARNING] (22:25:15): No operations allowed after statement closed.
[WARNING] (22:25:15): No operations allowed after statement closed.
[WARNING] (22:25:43): No operations allowed after statement closed.
[WARNING] (22:25:43): No operations allowed after statement closed.
[WARNING] (22:25:43): No operations allowed after statement closed.
[WARNING] (22:25:43): No operations allowed after statement closed.
[WARNING] (22:25:56): No operations allowed after statement closed.
[WARNING] (22:25:56): No operations allowed after statement closed.
[WARNING] (22:25:56): No operations allowed after statement closed.
[WARNING] (22:26:01): No operations allowed after statement closed.
[WARNING] (22:26:01): No operations allowed after statement closed.
[WARNING] (22:26:01): No operations allowed after statement closed.
[WARNING] (22:26:05): No operations allowed after statement closed.
[WARNING] (22:26:05): No operations allowed after statement closed.
[WARNING] (22:26:05): No operations allowed after statement closed.
[WARNING] (22:26:11): No operations allowed after statement closed.
[WARNING] (22:26:11): No operations allowed after statement closed.
[WARNING] (22:26:11): No operations allowed after statement closed.
[WARNING] (22:26:11): No operations allowed after statement closed.
[WARNING] (22:26:32): No operations allowed after statement closed.
[WARNING] (22:26:32): No operations allowed after statement closed.
[WARNING] (22:26:32): No operations allowed after statement closed.
[WARNING] (22:26:32): No operations allowed after statement closed.
[WARNING] (22:26:35): No operations allowed after statement closed.
[WARNING] (22:26:35): No operations allowed after statement closed.
[WARNING] (22:26:35): No operations allowed after statement closed.
[WARNING] (22:27:00): No operations allowed after statement closed.
[WARNING] (22:27:00): No operations allowed after statement closed.
[WARNING] (22:27:00): No operations allowed after statement closed.
[WARNING] (22:27:00): No operations allowed after statement closed.
[INFO] (22:27:10): The Check-Schedule has been started
[INFO] (22:27:10): Server with id 750370700862161028 was initialized
[INFO] (22:27:10): The Bot is now online!
[INFO] (23:31:00): Murasaki kitsune紫狐 used command help
[INFO] (23:31:03): Murasaki kitsune紫狐 used command 1
[INFO] (23:31:11): Murasaki kitsune紫狐 used command pi
[INFO] (23:31:15): Murasaki kitsune紫狐 used command tetris
[INFO] (23:31:18): Murasaki kitsune紫狐 used command spiel
