[WARNING] (00:00:00): Communications link failure

The last packet successfully received from the server was 5.569.539 milliseconds ago.  The last packet sent successfully to the server was 19.195 milliseconds ago.
[WARNING] (00:00:00): No operations allowed after statement closed.
[WARNING] (00:00:00): No operations allowed after statement closed.
[WARNING] (00:00:00): No operations allowed after statement closed.
[WARNING] (00:00:00): No operations allowed after statement closed.
[WARNING] (00:00:00): No operations allowed after statement closed.
[WARNING] (00:00:01): No operations allowed after statement closed.
[WARNING] (00:00:01): No operations allowed after statement closed.
[WARNING] (00:00:01): No operations allowed after statement closed.
[INFO] (00:16:59): Murasaki kitsune紫狐 used command spiel
[WARNING] (01:40:23): No operations allowed after statement closed.
[WARNING] (01:40:23): No operations allowed after statement closed.
[WARNING] (01:40:23): No operations allowed after statement closed.
[WARNING] (01:40:35): No operations allowed after statement closed.
[WARNING] (01:40:35): No operations allowed after statement closed.
[WARNING] (01:40:35): No operations allowed after statement closed.
[WARNING] (01:40:35): No operations allowed after statement closed.
[INFO] (01:41:11): Murasaki kitsune紫狐 used command 1
[INFO] (01:41:11): Murasaki kitsune紫狐 used command 1
[INFO] (01:41:12): Murasaki kitsune紫狐 used command 1
[INFO] (01:41:12): Murasaki kitsune紫狐 used command 1
[INFO] (01:41:12): Murasaki kitsune紫狐 used command 1
[INFO] (01:41:12): Murasaki kitsune紫狐 used command 1
[INFO] (01:41:13): Murasaki kitsune紫狐 used command 1
[INFO] (01:41:13): Murasaki kitsune紫狐 used command 1
[INFO] (01:41:13): Murasaki kitsune紫狐 used command 1
[INFO] (01:41:14): Murasaki kitsune紫狐 used command 1
[INFO] (01:41:21): Murasaki kitsune紫狐 used command 1
[INFO] (01:41:21): Murasaki kitsune紫狐 used command 1
[INFO] (01:41:21): Murasaki kitsune紫狐 used command 1
[INFO] (01:41:22): Murasaki kitsune紫狐 used command 1
[INFO] (01:41:22): Murasaki kitsune紫狐 used command 1
[INFO] (01:41:22): Murasaki kitsune紫狐 used command 1
[INFO] (01:41:25): Murasaki kitsune紫狐 used command 1
[INFO] (01:41:26): Murasaki kitsune紫狐 used command 1
[INFO] (01:41:27): Murasaki kitsune紫狐 used command 1
[INFO] (01:41:27): Murasaki kitsune紫狐 used command 1
[INFO] (01:41:31): Murasaki kitsune紫狐 used command 1
[INFO] (01:41:31): Murasaki kitsune紫狐 used command 1
[INFO] (01:41:32): Murasaki kitsune紫狐 used command 1
[INFO] (01:41:32): Murasaki kitsune紫狐 used command 1
[INFO] (01:41:32): Murasaki kitsune紫狐 used command 1
[INFO] (01:41:32): Murasaki kitsune紫狐 used command 1
[INFO] (01:41:35): Murasaki kitsune紫狐 used command 1
[INFO] (01:41:36): Murasaki kitsune紫狐 used command 1
[INFO] (01:41:37): Murasaki kitsune紫狐 used command 1
[INFO] (01:41:37): Murasaki kitsune紫狐 used command 1
[INFO] (01:41:41): Murasaki kitsune紫狐 used command 1
[INFO] (01:41:42): Murasaki kitsune紫狐 used command 1
[INFO] (01:41:42): Murasaki kitsune紫狐 used command 1
[INFO] (01:41:42): Murasaki kitsune紫狐 used command 1
[INFO] (01:41:42): Murasaki kitsune紫狐 used command 1
[INFO] (01:41:42): Murasaki kitsune紫狐 used command 1
[INFO] (21:47:30): The Check-Schedule has been started
[INFO] (21:47:30): Server with id 750370700862161028 was initialized
[INFO] (21:47:30): The Bot is now online!
[INFO] (21:47:54): Leontheking24 used command pi
[INFO] (21:48:50): Murasaki kitsune紫狐 used command 1
[INFO] (23:12:44): Leontheking24 used command pi
[INFO] (23:17:37): Leontheking24 used command 1
[INFO] (23:17:41): Leontheking24 used command 1
[INFO] (23:17:41): Leontheking24 used command 1
[INFO] (23:17:42): Leontheking24 used command 1
[INFO] (23:17:42): Leontheking24 used command 1
[INFO] (23:17:43): Leontheking24 used command 1
[INFO] (23:17:43): Leontheking24 used command 1
[INFO] (23:17:44): Leontheking24 used command 1
[INFO] (23:17:44): Leontheking24 used command 1
[INFO] (23:17:45): Leontheking24 used command 1
[INFO] (23:17:47): Leontheking24 used command 1
[INFO] (23:17:47): Leontheking24 used command 1
[INFO] (23:17:47): Leontheking24 used command 1
[INFO] (23:17:48): Leontheking24 used command 1
[INFO] (23:17:48): Leontheking24 used command 1
[INFO] (23:17:48): Leontheking24 used command 1
[INFO] (23:17:54): Leontheking24 used command 1
[INFO] (23:17:55): Leontheking24 used command 1
[INFO] (23:17:55): Leontheking24 used command 1
[INFO] (23:17:55): Leontheking24 used command 1
[INFO] (23:17:57): Leontheking24 used command 1
[INFO] (23:17:57): Leontheking24 used command 1
[INFO] (23:17:58): Leontheking24 used command 1
[INFO] (23:17:58): Leontheking24 used command 1
[INFO] (23:17:58): Leontheking24 used command 1
[INFO] (23:17:58): Leontheking24 used command 1
[INFO] (23:17:59): Leontheking24 used command 1
[INFO] (23:17:59): Leontheking24 used command 1
[INFO] (23:18:00): Leontheking24 used command 1
[INFO] (23:18:00): Leontheking24 used command 1
[INFO] (23:18:07): Leontheking24 used command 1
[INFO] (23:18:07): Leontheking24 used command 1
[INFO] (23:18:08): Leontheking24 used command 1
[INFO] (23:18:08): Leontheking24 used command 1
[INFO] (23:18:08): Leontheking24 used command 1
[INFO] (23:18:09): Leontheking24 used command 1
[INFO] (23:18:09): Leontheking24 used command 1
[INFO] (23:18:09): Leontheking24 used command 1
[INFO] (23:18:09): Leontheking24 used command 1
[INFO] (23:18:10): Leontheking24 used command 1
[INFO] (23:18:17): Leontheking24 used command 1
[INFO] (23:18:18): Leontheking24 used command 1
[INFO] (23:18:18): Leontheking24 used command 1
[INFO] (23:18:18): Leontheking24 used command 1
[INFO] (23:18:18): Leontheking24 used command 1
[INFO] (23:18:18): Leontheking24 used command 1
[INFO] (23:18:19): Leontheking24 used command 1
[INFO] (23:45:05): The Check-Schedule has been started
[INFO] (23:45:05): Server with id 750370700862161028 was initialized
[INFO] (23:45:05): The Bot is now online!
[INFO] (23:45:11): Leontheking24 used command pömpel
[INFO] (23:45:28): Murasaki kitsune紫狐 used command pömpel
[INFO] (23:45:53): Murasaki kitsune紫狐 used command pömpel
[INFO] (23:50:02): Murasaki kitsune紫狐 used command pömpel
[INFO] (23:50:07): Murasaki kitsune紫狐 used command pömpel
[INFO] (23:50:12): Murasaki kitsune紫狐 used command pömpel
[INFO] (23:50:21): Murasaki kitsune紫狐 used command pömpel
[INFO] (23:50:23): Murasaki kitsune紫狐 used command pömpel
[INFO] (23:50:23): Murasaki kitsune紫狐 used command pömpel
[INFO] (23:50:24): Murasaki kitsune紫狐 used command pömpel
[INFO] (23:50:24): Murasaki kitsune紫狐 used command pömpel
[INFO] (23:50:24): Murasaki kitsune紫狐 used command pömpel
[INFO] (23:50:25): Murasaki kitsune紫狐 used command pömpel
[INFO] (23:50:25): Murasaki kitsune紫狐 used command pömpel
[INFO] (23:50:25): Murasaki kitsune紫狐 used command pömpel
[INFO] (23:50:25): Murasaki kitsune紫狐 used command pömpel
[INFO] (23:50:31): Murasaki kitsune紫狐 used command pömpel
[INFO] (23:50:32): Murasaki kitsune紫狐 used command pömpel
[INFO] (23:50:32): Murasaki kitsune紫狐 used command pömpel
[INFO] (23:50:32): Murasaki kitsune紫狐 used command pömpel
[INFO] (23:50:32): Murasaki kitsune紫狐 used command pömpel
[INFO] (23:50:32): Murasaki kitsune紫狐 used command pömpel
[INFO] (23:50:33): Murasaki kitsune紫狐 used command pömpel
[INFO] (23:50:33): Murasaki kitsune紫狐 used command pömpel
[INFO] (23:50:41): Murasaki kitsune紫狐 used command pömpel
[INFO] (23:50:41): Murasaki kitsune紫狐 used command pömpel
[INFO] (23:50:41): Murasaki kitsune紫狐 used command pömpel
[INFO] (23:50:42): Murasaki kitsune紫狐 used command pömpel
[INFO] (23:50:42): Murasaki kitsune紫狐 used command pömpel
[INFO] (23:50:42): Murasaki kitsune紫狐 used command pömpel
[INFO] (23:50:42): Murasaki kitsune紫狐 used command pömpel
[INFO] (23:50:43): Murasaki kitsune紫狐 used command pömpel
[INFO] (23:50:43): Murasaki kitsune紫狐 used command pömpel
[INFO] (23:50:43): Murasaki kitsune紫狐 used command pömpel
[INFO] (23:50:51): Murasaki kitsune紫狐 used command pömpel
[INFO] (23:50:51): Murasaki kitsune紫狐 used command pömpel
[INFO] (23:50:58): Murasaki kitsune紫狐 used command pömpel
[INFO] (23:50:59): Murasaki kitsune紫狐 used command pömpel
[INFO] (23:50:59): Murasaki kitsune紫狐 used command pömpel
[INFO] (23:51:00): Murasaki kitsune紫狐 used command pömpel
[INFO] (23:51:00): Murasaki kitsune紫狐 used command pömpel
[INFO] (23:51:00): Murasaki kitsune紫狐 used command pömpel
[INFO] (23:51:01): Murasaki kitsune紫狐 used command pömpel
[INFO] (23:51:01): Murasaki kitsune紫狐 used command pömpel
[INFO] (23:51:01): Murasaki kitsune紫狐 used command pömpel
[INFO] (23:51:02): Murasaki kitsune紫狐 used command pömpel
[INFO] (23:51:02): Murasaki kitsune紫狐 used command pömpel
[INFO] (23:51:02): Murasaki kitsune紫狐 used command pömpel
[INFO] (23:51:02): Murasaki kitsune紫狐 used command pömpel
[INFO] (23:51:03): Murasaki kitsune紫狐 used command pömpel
[INFO] (23:51:04): Murasaki kitsune紫狐 used command pömpel
[INFO] (23:51:04): Murasaki kitsune紫狐 used command pömpel
[INFO] (23:51:11): Murasaki kitsune紫狐 used command pömpel
[INFO] (23:51:12): Murasaki kitsune紫狐 used command pömpel
[INFO] (23:51:12): Murasaki kitsune紫狐 used command pömpel
[INFO] (23:51:14): Murasaki kitsune紫狐 used command pömpel
[INFO] (23:51:16): Murasaki kitsune紫狐 used command pömpel
[INFO] (23:51:17): Murasaki kitsune紫狐 used command pömpel
[INFO] (23:51:17): Murasaki kitsune紫狐 used command pömpel
[INFO] (23:51:18): Murasaki kitsune紫狐 used command pömpel
[INFO] (23:51:18): Murasaki kitsune紫狐 used command pömpel
[INFO] (23:51:18): Murasaki kitsune紫狐 used command pömpel
[INFO] (23:51:22): Murasaki kitsune紫狐 used command pömpel
[INFO] (23:51:22): Murasaki kitsune紫狐 used command pömpel
[INFO] (23:51:22): Murasaki kitsune紫狐 used command pömpel
[INFO] (23:51:22): Murasaki kitsune紫狐 used command pömpel
[INFO] (23:51:23): Murasaki kitsune紫狐 used command pömpel
[INFO] (23:51:23): Murasaki kitsune紫狐 used command pömpel
[INFO] (23:51:23): Murasaki kitsune紫狐 used command pömpel
[INFO] (23:51:23): Murasaki kitsune紫狐 used command pömpel
[INFO] (23:51:32): Murasaki kitsune紫狐 used command pömpel
[INFO] (23:51:32): Murasaki kitsune紫狐 used command pömpel
[INFO] (23:51:32): Murasaki kitsune紫狐 used command pömpel
[INFO] (23:51:33): Murasaki kitsune紫狐 used command pömpel
[INFO] (23:51:33): Murasaki kitsune紫狐 used command pömpel
[INFO] (23:51:33): Murasaki kitsune紫狐 used command pömpel
[INFO] (23:51:33): Murasaki kitsune紫狐 used command pömpel
[INFO] (23:51:34): Murasaki kitsune紫狐 used command pömpel
[INFO] (23:51:34): Murasaki kitsune紫狐 used command pömpel
[INFO] (23:51:42): Murasaki kitsune紫狐 used command pömpel
[INFO] (23:51:42): Murasaki kitsune紫狐 used command pömpel
[INFO] (23:51:42): Murasaki kitsune紫狐 used command pömpel
