[INFO] (01:23:01): The Check-Schedule has been started
[INFO] (01:23:01): Server with id 750370700862161028 was initialized
[INFO] (01:23:01): The Bot is now online!
[INFO] (01:23:49): Leontheking24 used command apohorn
[INFO] (02:40:26): Murasaki kitsune紫狐 used command apohorn
[INFO] (02:40:45): Murasaki kitsune紫狐 used command apohorn
[INFO] (02:40:46): Murasaki kitsune紫狐 used command apohorn
[INFO] (02:40:46): Murasaki kitsune紫狐 used command apohorn
[INFO] (02:40:47): Murasaki kitsune紫狐 used command apohorn
[INFO] (02:40:47): Murasaki kitsune紫狐 used command apohorn
[INFO] (02:40:47): Murasaki kitsune紫狐 used command apohorn
[INFO] (02:40:48): Murasaki kitsune紫狐 used command apohorn
[INFO] (02:40:48): Murasaki kitsune紫狐 used command apohorn
[INFO] (02:40:48): Murasaki kitsune紫狐 used command apohorn
[INFO] (02:40:54): Murasaki kitsune紫狐 used command apohorn
[INFO] (02:40:54): Murasaki kitsune紫狐 used command apohorn
[INFO] (02:40:55): Murasaki kitsune紫狐 used command apohorn
[INFO] (02:40:55): Murasaki kitsune紫狐 used command apohorn
[INFO] (02:40:55): Murasaki kitsune紫狐 used command apohorn
[INFO] (02:40:55): Murasaki kitsune紫狐 used command apohorn
[INFO] (02:40:55): Murasaki kitsune紫狐 used command apohorn
[INFO] (02:40:56): Murasaki kitsune紫狐 used command apohorn
[INFO] (02:40:56): Murasaki kitsune紫狐 used command apohorn
[INFO] (02:40:56): Murasaki kitsune紫狐 used command apohorn
[INFO] (02:41:04): Murasaki kitsune紫狐 used command apohorn
[INFO] (02:41:04): Murasaki kitsune紫狐 used command apohorn
[INFO] (02:41:05): Murasaki kitsune紫狐 used command apohorn
[INFO] (02:41:05): Murasaki kitsune紫狐 used command apohorn
[INFO] (02:41:05): Murasaki kitsune紫狐 used command apohorn
[INFO] (02:41:06): Murasaki kitsune紫狐 used command apohorn
[INFO] (02:41:06): Murasaki kitsune紫狐 used command apohorn
[INFO] (02:41:06): Murasaki kitsune紫狐 used command apohorn
[INFO] (02:41:06): Murasaki kitsune紫狐 used command apohorn
[INFO] (02:41:15): Murasaki kitsune紫狐 used command apohorn
[INFO] (02:41:15): Murasaki kitsune紫狐 used command apohorn
[INFO] (02:41:15): Murasaki kitsune紫狐 used command apohorn
[INFO] (02:41:15): Murasaki kitsune紫狐 used command apohorn
[INFO] (02:41:15): Murasaki kitsune紫狐 used command apohorn
[INFO] (02:41:16): Murasaki kitsune紫狐 used command apohorn
[INFO] (02:41:16): Murasaki kitsune紫狐 used command apohorn
[INFO] (02:41:16): Murasaki kitsune紫狐 used command apohorn
[INFO] (02:41:16): Murasaki kitsune紫狐 used command apohorn
[INFO] (02:41:17): Murasaki kitsune紫狐 used command apohorn
[INFO] (02:41:25): Murasaki kitsune紫狐 used command apohorn
[INFO] (02:41:26): Murasaki kitsune紫狐 used command apohorn
[INFO] (02:41:26): Murasaki kitsune紫狐 used command apohorn
[INFO] (02:41:27): Murasaki kitsune紫狐 used command apohorn
[INFO] (02:41:27): Murasaki kitsune紫狐 used command apohorn
[INFO] (02:41:27): Murasaki kitsune紫狐 used command apohorn
[INFO] (02:41:27): Murasaki kitsune紫狐 used command apohorn
[INFO] (02:41:27): Murasaki kitsune紫狐 used command apohorn
[INFO] (02:41:28): Murasaki kitsune紫狐 used command apohorn
[INFO] (02:41:28): Murasaki kitsune紫狐 used command apohorn
[INFO] (02:41:35): Murasaki kitsune紫狐 used command apohorn
[INFO] (02:41:35): Murasaki kitsune紫狐 used command apohorn
[INFO] (02:41:35): Murasaki kitsune紫狐 used command apohorn
[INFO] (02:41:36): Murasaki kitsune紫狐 used command apohorn
[INFO] (02:41:36): Murasaki kitsune紫狐 used command apohorn
[INFO] (02:41:36): Murasaki kitsune紫狐 used command apohorn
[INFO] (02:41:36): Murasaki kitsune紫狐 used command apohorn
[INFO] (02:41:36): Murasaki kitsune紫狐 used command apohorn
[INFO] (02:41:37): Murasaki kitsune紫狐 used command apohorn
[INFO] (02:41:37): Murasaki kitsune紫狐 used command apohorn
[INFO] (02:41:45): Murasaki kitsune紫狐 used command apohorn
[INFO] (02:41:45): Murasaki kitsune紫狐 used command apohorn
[INFO] (02:41:45): Murasaki kitsune紫狐 used command apohorn
[INFO] (02:41:46): Murasaki kitsune紫狐 used command apohorn
[INFO] (02:41:46): Murasaki kitsune紫狐 used command apohorn
[INFO] (02:41:47): Murasaki kitsune紫狐 used command apohorn
[INFO] (02:41:47): Murasaki kitsune紫狐 used command apohorn
[INFO] (02:41:47): Murasaki kitsune紫狐 used command apohorn
[INFO] (02:41:55): Murasaki kitsune紫狐 used command apohorn
[INFO] (02:41:55): Murasaki kitsune紫狐 used command apohorn
[INFO] (02:41:55): Murasaki kitsune紫狐 used command apohorn
[INFO] (02:41:56): Murasaki kitsune紫狐 used command apohorn
[INFO] (02:41:56): Murasaki kitsune紫狐 used command apohorn
[INFO] (02:41:56): Murasaki kitsune紫狐 used command apohorn
[INFO] (02:41:56): Murasaki kitsune紫狐 used command apohorn
[INFO] (02:41:57): Murasaki kitsune紫狐 used command apohorn
[INFO] (02:41:57): Murasaki kitsune紫狐 used command apohorn
[INFO] (02:41:57): Murasaki kitsune紫狐 used command apohorn
[INFO] (02:42:05): Murasaki kitsune紫狐 used command apohorn
[INFO] (02:42:05): Murasaki kitsune紫狐 used command apohorn
[INFO] (02:42:06): Murasaki kitsune紫狐 used command apohorn
[INFO] (02:42:06): Murasaki kitsune紫狐 used command apohorn
[INFO] (02:42:06): Murasaki kitsune紫狐 used command apohorn
[INFO] (02:42:06): Murasaki kitsune紫狐 used command apohorn
[INFO] (02:42:07): Murasaki kitsune紫狐 used command apohorn
[INFO] (02:42:07): Murasaki kitsune紫狐 used command apohorn
[INFO] (02:42:07): Murasaki kitsune紫狐 used command apohorn
[INFO] (02:42:07): Murasaki kitsune紫狐 used command apohorn
[INFO] (02:42:15): Murasaki kitsune紫狐 used command apohorn
[INFO] (02:42:16): Murasaki kitsune紫狐 used command apohorn
[INFO] (02:42:16): Murasaki kitsune紫狐 used command apohorn
[INFO] (02:42:16): Murasaki kitsune紫狐 used command apohorn
[INFO] (02:42:17): Murasaki kitsune紫狐 used command apohorn
[INFO] (02:42:17): Murasaki kitsune紫狐 used command apohorn
[INFO] (02:42:17): Murasaki kitsune紫狐 used command apohorn
[INFO] (02:42:17): Murasaki kitsune紫狐 used command apohorn
[INFO] (02:42:17): Murasaki kitsune紫狐 used command apohorn
[INFO] (02:42:18): Murasaki kitsune紫狐 used command apohorn
[INFO] (02:42:26): Murasaki kitsune紫狐 used command apohorn
[INFO] (02:42:26): Murasaki kitsune紫狐 used command apohorn
[INFO] (02:42:26): Murasaki kitsune紫狐 used command apohorn
[INFO] (02:42:26): Murasaki kitsune紫狐 used command apohorn
[INFO] (02:42:27): Murasaki kitsune紫狐 used command apohorn
[INFO] (02:42:27): Murasaki kitsune紫狐 used command apohorn
[INFO] (02:42:27): Murasaki kitsune紫狐 used command apohorn
[INFO] (02:42:27): Murasaki kitsune紫狐 used command apohorn
[INFO] (02:42:28): Murasaki kitsune紫狐 used command apohorn
[INFO] (02:42:36): Murasaki kitsune紫狐 used command apohorn
[INFO] (02:42:36): Murasaki kitsune紫狐 used command apohorn
[INFO] (02:42:36): Murasaki kitsune紫狐 used command apohorn
[INFO] (02:42:37): Murasaki kitsune紫狐 used command apohorn
[INFO] (02:42:37): Murasaki kitsune紫狐 used command apohorn
[INFO] (02:42:38): Murasaki kitsune紫狐 used command apohorn
[INFO] (02:42:38): Murasaki kitsune紫狐 used command apohorn
[INFO] (02:42:39): Murasaki kitsune紫狐 used command apohorn
[INFO] (02:43:56): Murasaki kitsune紫狐 used command apohorn
[INFO] (02:43:56): Murasaki kitsune紫狐 used command apohorn
[INFO] (02:43:57): Murasaki kitsune紫狐 used command apohorn
[INFO] (02:43:57): Murasaki kitsune紫狐 used command apohorn
[INFO] (02:43:57): Murasaki kitsune紫狐 used command apohorn
[INFO] (02:43:57): Murasaki kitsune紫狐 used command apohorn
[INFO] (02:43:58): Murasaki kitsune紫狐 used command apohorn
[INFO] (02:43:58): Murasaki kitsune紫狐 used command apohorn
[INFO] (02:43:58): Murasaki kitsune紫狐 used command apohorn
[INFO] (02:44:07): Murasaki kitsune紫狐 used command apohorn
[INFO] (02:44:07): Murasaki kitsune紫狐 used command apohorn
[INFO] (02:44:07): Murasaki kitsune紫狐 used command apohorn
[INFO] (02:44:07): Murasaki kitsune紫狐 used command apohorn
[INFO] (02:44:08): Murasaki kitsune紫狐 used command apohorn
[INFO] (02:44:08): Murasaki kitsune紫狐 used command apohorn
[INFO] (02:44:08): Murasaki kitsune紫狐 used command apohorn
[INFO] (02:44:08): Murasaki kitsune紫狐 used command apohorn
