[INFO] (19:34:55): The Check-Schedule has been started
[INFO] (19:34:55): Server with id 750370700862161028 was initialized
[INFO] (19:34:55): The Bot is now online!
[INFO] (22:34:48): Leontheking24 used command help
[INFO] (22:34:50): Leontheking24 used command pi
[INFO] (22:37:35): Murasaki kitsune紫狐 used command pi
[INFO] (22:41:50): Murasaki kitsune紫狐 used command apohorn
[INFO] (22:41:52): Murasaki kitsune紫狐 used command apohorn
[INFO] (22:41:54): Murasaki kitsune紫狐 used command apohorn
[INFO] (22:41:55): Murasaki kitsune紫狐 used command apohorn
[INFO] (22:41:56): Murasaki kitsune紫狐 used command apohorn
[INFO] (22:41:58): Murasaki kitsune紫狐 used command apohorn
[INFO] (22:41:59): Murasaki kitsune紫狐 used command apohorn
[INFO] (22:42:01): Murasaki kitsune紫狐 used command apohorn
[INFO] (22:42:02): Murasaki kitsune紫狐 used command apohorn
[INFO] (22:42:04): Murasaki kitsune紫狐 used command apohorn
[INFO] (22:42:05): Murasaki kitsune紫狐 used command apohorn
[INFO] (22:42:07): Murasaki kitsune紫狐 used command apohorn
[INFO] (22:42:08): Murasaki kitsune紫狐 used command apohorn
[INFO] (22:42:10): Murasaki kitsune紫狐 used command apohorn
[INFO] (22:42:22): Murasaki kitsune紫狐 used command apohorn
[INFO] (22:42:23): Murasaki kitsune紫狐 used command apohorn
[INFO] (22:42:25): Murasaki kitsune紫狐 used command apohorn
[INFO] (22:42:26): Murasaki kitsune紫狐 used command apohorn
[INFO] (22:42:29): Murasaki kitsune紫狐 used command apohorn
[INFO] (22:42:30): Murasaki kitsune紫狐 used command apohorn
[INFO] (22:42:32): Murasaki kitsune紫狐 used command apohorn
[INFO] (22:42:34): Murasaki kitsune紫狐 used command apohorn
[INFO] (22:42:35): Murasaki kitsune紫狐 used command apohorn
