[INFO] (11:38:51): The Check-Schedule has been started
[INFO] (11:38:51): Server with id 750370700862161028 was initialized
[INFO] (11:38:51): The Bot is now online!
[INFO] (11:39:02): Bot will be restart on server 750370700862161028
[INFO] (11:39:03): The Check-Schedule has been started
[INFO] (11:39:03): Bot was restarted on server 750370700862161028
[INFO] (11:45:57): The Check-Schedule has been started
[INFO] (11:45:57): Server with id 750370700862161028 was initialized
[INFO] (11:45:57): The Bot is now online!
[INFO] (11:46:22): The Check-Schedule has been started
[INFO] (11:46:22): Server with id 750370700862161028 was initialized
[INFO] (11:46:22): The Bot is now online!
[INFO] (11:47:02): The Check-Schedule has been started
[INFO] (11:47:02): Server with id 750370700862161028 was initialized
[INFO] (11:47:02): The Bot is now online!
[INFO] (11:48:08): The Check-Schedule has been started
[INFO] (11:48:08): Server with id 750370700862161028 was initialized
[INFO] (11:48:08): The Bot is now online!
[INFO] (11:49:04): The Check-Schedule has been started
[INFO] (11:49:04): Server with id 750370700862161028 was initialized
[INFO] (11:49:04): The Bot is now online!
[INFO] (11:49:50): The Check-Schedule has been started
[INFO] (11:49:50): Server with id 750370700862161028 was initialized
[INFO] (11:49:50): The Bot is now online!
[INFO] (11:50:25): The Check-Schedule has been started
[INFO] (11:50:25): Server with id 750370700862161028 was initialized
[INFO] (11:50:25): The Bot is now online!
[INFO] (11:50:49): The Check-Schedule has been started
[INFO] (11:50:49): Server with id 750370700862161028 was initialized
[INFO] (11:50:49): The Bot is now online!
[INFO] (11:51:21): The Check-Schedule has been started
[INFO] (11:51:21): Server with id 750370700862161028 was initialized
[INFO] (11:51:21): The Bot is now online!
[INFO] (12:02:36): The Check-Schedule has been started
[INFO] (12:02:36): Server with id 750370700862161028 was initialized
[INFO] (12:02:36): The Bot is now online!
[INFO] (12:05:51): The Check-Schedule has been started
[INFO] (12:05:51): Server with id 750370700862161028 was initialized
[INFO] (12:05:51): The Bot is now online!
[INFO] (12:06:33): The Check-Schedule has been started
[INFO] (12:06:33): Server with id 750370700862161028 was initialized
[INFO] (12:06:33): The Bot is now online!
[INFO] (12:07:30): The Check-Schedule has been started
[INFO] (12:07:30): Server with id 750370700862161028 was initialized
[INFO] (12:07:30): The Bot is now online!
[INFO] (12:08:35): The Check-Schedule has been started
[INFO] (12:08:35): Server with id 750370700862161028 was initialized
[INFO] (12:08:35): The Bot is now online!
